#
# There is insufficient memory for the Java Runtime Environment to continue.
# Native memory allocation (mmap) failed to map 264241152 bytes for G1 virtual space
# Possible reasons:
#   The system is out of physical RAM or swap space
#   The process is running with CompressedOops enabled, and the Java Heap may be blocking the growth of the native heap
# Possible solutions:
#   Reduce memory load on the system
#   Increase physical memory or swap space
#   Check if swap backing store is full
#   Decrease Java heap size (-Xmx/-Xms)
#   Decrease number of Java threads
#   Decrease Java thread stack sizes (-Xss)
#   Set larger code cache with -XX:ReservedCodeCacheSize=
#   JVM is running with Zero Based Compressed Oops mode in which the Java heap is
#     placed in the first 32GB address space. The Java Heap base address is the
#     maximum limit for the native heap growth. Please use -XX:HeapBaseMinAddress
#     to set the Java Heap base and to place the Java Heap above 32GB virtual address.
# This output file may be truncated or incomplete.
#
#  Out of Memory Error (os_windows.cpp:3548), pid=31404, tid=30924
#
# JRE version:  (17.0.10+11) (build )
# Java VM: Java HotSpot(TM) 64-Bit Server VM (17.0.10+11-LTS-240, mixed mode, emulated-client, sharing, tiered, compressed oops, compressed class ptrs, g1 gc, windows-amd64)
# No core dump will be written. Minidumps are not enabled by default on client versions of Windows
#

---------------  S U M M A R Y ------------

Command Line: -XX:TieredStopAtLevel=1 -Dspring.output.ansi.enabled=always -Dcom.sun.management.jmxremote -Dspring.jmx.enabled=true -Dspring.liveBeansView.mbeanDomain -Dspring.application.admin.enabled=true -Dmanagement.endpoints.jmx.exposure.include=* -javaagent:C:\Program Files\JetBrains\IntelliJ IDEA 2024.1.4\lib\idea_rt.jar=60778:C:\Program Files\JetBrains\IntelliJ IDEA 2024.1.4\bin -Dfile.encoding=UTF-8 com.example.msregistryserver.MsRegistryServerApplication

Host: 12th Gen Intel(R) Core(TM) i7-12700, 20 cores, 15G,  Windows 11 , 64 bit Build 22621 (10.0.22621.3958)
Time: Mon Sep  2 10:52:24 2024 Hora est. Pacífico, Sudamérica elapsed time: 0.008184 seconds (0d 0h 0m 0s)

---------------  T H R E A D  ---------------

Current thread (0x000001e7bc9b6c40):  JavaThread "Unknown thread" [_thread_in_vm, id=30924, stack(0x0000004275b00000,0x0000004275c00000)]

Stack: [0x0000004275b00000,0x0000004275c00000]
Native frames: (J=compiled Java code, j=interpreted, Vv=VM code, C=native code)
V  [jvm.dll+0x677a5a]
V  [jvm.dll+0x7d8b2d]
V  [jvm.dll+0x7da48e]
V  [jvm.dll+0x7daaf3]
V  [jvm.dll+0x2455ff]
V  [jvm.dll+0x6749b9]
V  [jvm.dll+0x669382]
V  [jvm.dll+0x302e96]
V  [jvm.dll+0x30a416]
V  [jvm.dll+0x359cbe]
V  [jvm.dll+0x359eef]
V  [jvm.dll+0x2d9e88]
V  [jvm.dll+0x2dadf4]
V  [jvm.dll+0x7aa551]
V  [jvm.dll+0x367911]
V  [jvm.dll+0x789639]
V  [jvm.dll+0x3eb30f]
V  [jvm.dll+0x3ecd91]
C  [jli.dll+0x5297]
C  [ucrtbase.dll+0x29333]
C  [KERNEL32.DLL+0x1257d]
C  [ntdll.dll+0x5af28]


---------------  P R O C E S S  ---------------

Threads class SMR info:
_java_thread_list=0x00007ff8f72d6a18, length=0, elements={
}

Java Threads: ( => current thread )

Other Threads:
  0x000001e7bca230e0 GCTaskThread "GC Thread#0" [stack: 0x0000004275c00000,0x0000004275d00000] [id=31968]
  0x000001e7bca33b70 ConcurrentGCThread "G1 Main Marker" [stack: 0x0000004275d00000,0x0000004275e00000] [id=11408]
  0x000001e7bca34580 ConcurrentGCThread "G1 Conc#0" [stack: 0x0000004275e00000,0x0000004275f00000] [id=14428]

[error occurred during error reporting (printing all threads), id 0xc0000005, EXCEPTION_ACCESS_VIOLATION (0xc0000005) at pc=0x00007ff8f6b0aae7]

VM state: not at safepoint (not fully initialized)

VM Mutex/Monitor currently owned by a thread:  ([mutex/lock_event])
[0x000001e7bc9b1c40] Heap_lock - owner thread: 0x000001e7bc9b6c40

Heap address: 0x0000000704c00000, size: 4020 MB, Compressed Oops mode: Zero based, Oop shift amount: 3

CDS archive(s) mapped at: [0x0000000000000000-0x0000000000000000-0x0000000000000000), size 0, SharedBaseAddress: 0x0000000800000000, ArchiveRelocationMode: 1.
Narrow klass base: 0x0000000000000000, Narrow klass shift: 0, Narrow klass range: 0x0

GC Precious Log:
<Empty>

Heap:
 garbage-first heap   total 0K, used 0K [0x0000000704c00000, 0x0000000800000000)
  region size 2048K, 0 young (0K), 0 survivors (0K)

[error occurred during error reporting (printing heap information), id 0xc0000005, EXCEPTION_ACCESS_VIOLATION (0xc0000005) at pc=0x00007ff8f6ef1249]

GC Heap History (0 events):
No events

Deoptimization events (0 events):
No events

Classes unloaded (0 events):
No events

Classes redefined (0 events):
No events

Internal exceptions (0 events):
No events

VM Operations (0 events):
No events

Events (1 events):
Event: 0.006 Loaded shared library C:\Program Files\Java\jdk-17\bin\java.dll


Dynamic libraries:
0x00007ff652870000 - 0x00007ff652880000 	C:\Program Files\Java\jdk-17\bin\java.exe
0x00007ff98b6f0000 - 0x00007ff98b907000 	C:\Windows\SYSTEM32\ntdll.dll
0x00007ff98a610000 - 0x00007ff98a6d4000 	C:\Windows\System32\KERNEL32.DLL
0x00007ff988b30000 - 0x00007ff988edd000 	C:\Windows\System32\KERNELBASE.dll
0x00007ff988a10000 - 0x00007ff988b21000 	C:\Windows\System32\ucrtbase.dll
0x00007ff941bf0000 - 0x00007ff941c0b000 	C:\Program Files\Java\jdk-17\bin\VCRUNTIME140.dll
0x00007ff941bd0000 - 0x00007ff941be9000 	C:\Program Files\Java\jdk-17\bin\jli.dll
0x00007ff98ad20000 - 0x00007ff98add2000 	C:\Windows\System32\ADVAPI32.dll
0x00007ff98ae00000 - 0x00007ff98aea7000 	C:\Windows\System32\msvcrt.dll
0x00007ff98afc0000 - 0x00007ff98b069000 	C:\Windows\System32\sechost.dll
0x00007ff9893f0000 - 0x00007ff989418000 	C:\Windows\System32\bcrypt.dll
0x00007ff98a940000 - 0x00007ff98aa54000 	C:\Windows\System32\RPCRT4.dll
0x00007ff989420000 - 0x00007ff9895ce000 	C:\Windows\System32\USER32.dll
0x00007ff95a260000 - 0x00007ff95a4f3000 	C:\Windows\WinSxS\amd64_microsoft.windows.common-controls_6595b64144ccf1df_6.0.22621.3672_none_2713b9d173822955\COMCTL32.dll
0x00007ff9890c0000 - 0x00007ff9890e6000 	C:\Windows\System32\win32u.dll
0x00007ff98b640000 - 0x00007ff98b669000 	C:\Windows\System32\GDI32.dll
0x00007ff9892d0000 - 0x00007ff9893e9000 	C:\Windows\System32\gdi32full.dll
0x00007ff9891b0000 - 0x00007ff98924a000 	C:\Windows\System32\msvcp_win.dll
0x00007ff982b60000 - 0x00007ff982b6a000 	C:\Windows\SYSTEM32\VERSION.dll
0x00007ff98b670000 - 0x00007ff98b6a1000 	C:\Windows\System32\IMM32.DLL
0x00007ff982c10000 - 0x00007ff982c1c000 	C:\Program Files\Java\jdk-17\bin\vcruntime140_1.dll
0x00007ff902670000 - 0x00007ff9026fe000 	C:\Program Files\Java\jdk-17\bin\msvcp140.dll
0x00007ff8f6820000 - 0x00007ff8f73ff000 	C:\Program Files\Java\jdk-17\bin\server\jvm.dll
0x00007ff98b630000 - 0x00007ff98b638000 	C:\Windows\System32\PSAPI.DLL
0x00007ff97bd10000 - 0x00007ff97bd44000 	C:\Windows\SYSTEM32\WINMM.dll
0x00007ff9525d0000 - 0x00007ff9525d9000 	C:\Windows\SYSTEM32\WSOCK32.dll
0x00007ff98ac90000 - 0x00007ff98ad01000 	C:\Windows\System32\WS2_32.dll
0x00007ff987a00000 - 0x00007ff987a18000 	C:\Windows\SYSTEM32\kernel.appcore.dll
0x00007ff969f90000 - 0x00007ff969f9a000 	C:\Program Files\Java\jdk-17\bin\jimage.dll
0x00007ff986210000 - 0x00007ff986442000 	C:\Windows\SYSTEM32\DBGHELP.DLL
0x00007ff98b160000 - 0x00007ff98b4ed000 	C:\Windows\System32\combase.dll
0x00007ff98b070000 - 0x00007ff98b147000 	C:\Windows\System32\OLEAUT32.dll
0x00007ff97ab00000 - 0x00007ff97ab32000 	C:\Windows\SYSTEM32\dbgcore.DLL
0x00007ff989250000 - 0x00007ff9892cb000 	C:\Windows\System32\bcryptPrimitives.dll
0x00007ff973230000 - 0x00007ff97323e000 	C:\Program Files\Java\jdk-17\bin\instrument.dll
0x00007ff9533c0000 - 0x00007ff9533e5000 	C:\Program Files\Java\jdk-17\bin\java.dll

dbghelp: loaded successfully - version: 4.0.5 - missing functions: none
symbol engine: initialized successfully - sym options: 0x614 - pdb path: .;C:\Program Files\Java\jdk-17\bin;C:\Windows\SYSTEM32;C:\Windows\WinSxS\amd64_microsoft.windows.common-controls_6595b64144ccf1df_6.0.22621.3672_none_2713b9d173822955;C:\Program Files\Java\jdk-17\bin\server

VM Arguments:
jvm_args: -XX:TieredStopAtLevel=1 -Dspring.output.ansi.enabled=always -Dcom.sun.management.jmxremote -Dspring.jmx.enabled=true -Dspring.liveBeansView.mbeanDomain -Dspring.application.admin.enabled=true -Dmanagement.endpoints.jmx.exposure.include=* -javaagent:C:\Program Files\JetBrains\IntelliJ IDEA 2024.1.4\lib\idea_rt.jar=60778:C:\Program Files\JetBrains\IntelliJ IDEA 2024.1.4\bin -Dfile.encoding=UTF-8 
java_command: com.example.msregistryserver.MsRegistryServerApplication
java_class_path (initial): D:\GETAWAY\DAD-2024-master\DAD-2024-master\ms-registry-server\target\classes;C:\Users\Datos\.m2\repository\org\springframework\cloud\spring-cloud-starter-config\4.1.0\spring-cloud-starter-config-4.1.0.jar;C:\Users\Datos\.m2\repository\org\springframework\cloud\spring-cloud-starter\4.1.0\spring-cloud-starter-4.1.0.jar;C:\Users\Datos\.m2\repository\org\springframework\cloud\spring-cloud-context\4.1.0\spring-cloud-context-4.1.0.jar;C:\Users\Datos\.m2\repository\org\springframework\security\spring-security-crypto\6.2.3\spring-security-crypto-6.2.3.jar;C:\Users\Datos\.m2\repository\org\springframework\cloud\spring-cloud-commons\4.1.0\spring-cloud-commons-4.1.0.jar;C:\Users\Datos\.m2\repository\org\springframework\security\spring-security-rsa\1.1.1\spring-security-rsa-1.1.1.jar;C:\Users\Datos\.m2\repository\org\bouncycastle\bcprov-jdk18on\1.74\bcprov-jdk18on-1.74.jar;C:\Users\Datos\.m2\repository\org\springframework\cloud\spring-cloud-config-client\4.1.0\spring-cloud-config-client-4.1.0.jar;C:\Users\Datos\.m2\repository\org\springframework\boot\spring-boot-autoconfigure\3.2.4\spring-boot-autoconfigure-3.2.4.jar;C:\Users\Datos\.m2\repository\org\springframework\spring-web\6.1.5\spring-web-6.1.5.jar;C:\Users\Datos\.m2\repository\org\springframework\spring-beans\6.1.5\spring-beans-6.1.5.jar;C:\Users\Datos\.m2\repository\io\micrometer\micrometer-observation\1.12.4\micrometer-observation-1.12.4.jar;C:\Users\Datos\.m2\repository\io\micrometer\micrometer-commons\1.12.4\micrometer-commons-1.12.4.jar;C:\Users\Datos\.m2\repository\com\fasterxml\jackson\core\jackson-annotations\2.15.4\jackson-annotations-2.15.4.jar;C:\Users\Datos\.m2\repository\org\apache\httpcomponents\client5\httpclient5\5.2.3\httpclient5-5.2.3.jar;C:\Users\Datos\.m2\repository\org\apache\httpcomponents\core5\httpcore5\5.2.4\httpcore5-5.2.4.jar;C:\Users\Datos\.m2\repository\org\apache\httpcomponents\core5\httpcore5-h2\5.2.4\httpcore5-h2-5.2.4.jar;C:\Users\Datos\.m2\repository\com\faste
Launcher Type: SUN_STANDARD

[Global flags]
     intx CICompilerCount                          = 12                                        {product} {ergonomic}
     uint ConcGCThreads                            = 4                                         {product} {ergonomic}
     uint G1ConcRefinementThreads                  = 15                                        {product} {ergonomic}
   size_t G1HeapRegionSize                         = 2097152                                   {product} {ergonomic}
    uintx GCDrainStackTargetSize                   = 64                                        {product} {ergonomic}
   size_t InitialHeapSize                          = 264241152                                 {product} {ergonomic}
     bool ManagementServer                         = true                                      {product} {command line}
   size_t MarkStackSize                            = 4194304                                   {product} {ergonomic}
   size_t MaxHeapSize                              = 4215275520                                {product} {ergonomic}
   size_t MinHeapDeltaBytes                        = 2097152                                   {product} {ergonomic}
   size_t MinHeapSize                              = 8388608                                   {product} {ergonomic}
    uintx NonProfiledCodeHeapSize                  = 0                                      {pd product} {ergonomic}
     bool ProfileInterpreter                       = false                                  {pd product} {command line}
    uintx ProfiledCodeHeapSize                     = 0                                      {pd product} {ergonomic}
   size_t SoftMaxHeapSize                          = 4215275520                             {manageable} {ergonomic}
     intx TieredStopAtLevel                        = 1                                         {product} {command line}
     bool UseCompressedClassPointers               = true                           {product lp64_product} {ergonomic}
     bool UseCompressedOops                        = true                           {product lp64_product} {ergonomic}
     bool UseG1GC                                  = true                                      {product} {ergonomic}
     bool UseLargePagesIndividualAllocation        = false                                  {pd product} {ergonomic}

Logging:
Log output configuration:
 #0: stdout all=warning uptime,level,tags
 #1: stderr all=off uptime,level,tags

Environment Variables:
PATH=C:\Program Files\Common Files\Oracle\Java\javapath;C:\Program Files (x86)\Common Files\Oracle\Java\javapath;C:\Windows\system32;C:\Windows;C:\Windows\System32\Wbem;C:\Windows\System32\WindowsPowerShell\v1.0\;C:\Windows\System32\OpenSSH\;C:\Program Files\dotnet\;C:\Program Files\MiKTeX\miktex\bin\x64\;C:\Program Files\Git\cmd;C:\Program Files (x86)\Windows Kits\10\Windows Performance Toolkit\;C:\Program Files\apache-maven-3.9.8\bin;C:\Program Files\Common Files\Autodesk Shared\;C:\Program Files\Microsoft SQL Server\150\Tools\Binn\;C:\Users\Datos\AppData\Local\Programs\Python\Python312\Scripts\;C:\Users\Datos\AppData\Local\Programs\Python\Python312\;C:\Users\Datos\AppData\Local\Programs\Python\Launcher\;C:\Users\Datos\AppData\Local\Microsoft\WindowsApps;C:\Users\Datos\AppData\Local\Programs\Microsoft VS Code\bin;C:\Users\Datos\AppData\Local\GitHubDesktop\bin;C:\xampp\php;C:\Users\Datos\composer;C:\Users\Datos\AppData\Roaming\Composer\vendor\bin
USERNAME=Datos
OS=Windows_NT
PROCESSOR_IDENTIFIER=Intel64 Family 6 Model 151 Stepping 2, GenuineIntel



---------------  S Y S T E M  ---------------

OS:
 Windows 11 , 64 bit Build 22621 (10.0.22621.3958)
OS uptime: 6 days 23:38 hours
Hyper-V role detected

CPU: total 20 (initial active 20) (10 cores per cpu, 2 threads per core) family 6 model 151 stepping 2 microcode 0x26, cx8, cmov, fxsr, ht, mmx, 3dnowpref, sse, sse2, sse3, ssse3, sse4.1, sse4.2, popcnt, lzcnt, tsc, tscinvbit, avx, avx2, aes, erms, clmul, bmi1, bmi2, adx, sha, fma, vzeroupper, clflush, clflushopt, clwb, hv

Memory: 4k page, system-wide physical 16072M (3208M free)
TotalPageFile size 63857M (AvailPageFile size 191M)
current process WorkingSet (physical memory assigned to process): 11M, peak: 11M
current process commit charge ("private bytes"): 70M, peak: 322M

vm_info: Java HotSpot(TM) 64-Bit Server VM (17.0.10+11-LTS-240) for windows-amd64 JRE (17.0.10+11-LTS-240), built on Dec 19 2023 21:47:25 by "mach5one" with MS VC++ 17.1 (VS2022)

END.
